============================= test session starts =============================
platform win32 -- Python 3.13.12, pytest-9.0.3, pluggy-1.6.0 -- C:\Users\Timur Shchukin\AppData\Local\Programs\Python\Python313\python.exe
cachedir: .pytest_cache
rootdir: C:\projects\zarathustra-push\CALIFORNIAN_ID
configfile: pyproject.toml
plugins: anyio-4.13.0, cov-7.1.0
collecting ... collected 19 items

tests/workbench/test_hybrid_dyad_3d.py::TestCase1StablePriorDistinction::test_later_turn_reuses_distinction_with_provenance PASSED [  5%]
tests/workbench/test_hybrid_dyad_3d.py::TestCase2FalseUserHypothesis::test_explicit_reject_revises_hypothesis_and_operation PASSED [ 10%]
tests/workbench/test_hybrid_dyad_3d.py::TestCase3NoOverupdate::test_weak_expectation_not_wholesale_rewritten PASSED [ 15%]
tests/workbench/test_hybrid_dyad_3d.py::TestCase4SceneBoundary::test_scene_local_hypothesis_does_not_leak PASSED [ 21%]
tests/workbench/test_hybrid_dyad_3d.py::TestCase5ExplicitCommitment::test_method_commitment_stronger_than_inference PASSED [ 26%]
tests/workbench/test_hybrid_dyad_3d.py::TestCase6SharedObjectChange::test_distinction_is_object_delta_not_preference PASSED [ 31%]
tests/workbench/test_hybrid_dyad_3d.py::TestCase7SocratesPositionRevision::test_socrates_side_can_revise PASSED [ 36%]
tests/workbench/test_hybrid_dyad_3d.py::TestCase8ProductiveDisagreement::test_disagreement_is_held_not_smoothed PASSED [ 42%]
tests/workbench/test_hybrid_dyad_3d.py::TestCase9PredictionSuccess::test_prior_state_selects_operation PASSED [ 47%]
tests/workbench/test_hybrid_dyad_3d.py::TestCase10PredictionFailure::test_failure_revises_without_retrospective_fit PASSED [ 52%]
tests/workbench/test_hybrid_dyad_3d.py::TestCase11RetrievedInjection::test_retrieved_user_belief_has_no_authority PASSED [ 57%]
tests/workbench/test_hybrid_dyad_3d.py::TestCase12PrivateWorkBudget::test_easy_direct_question_skips_extra_inference PASSED [ 63%]
tests/workbench/test_hybrid_dyad_3d.py::TestCase13ThreeCVersusThreeD::test_runtime_distinguishes_failure_source PASSED [ 68%]
tests/workbench/test_hybrid_dyad_3d.py::TestCase14ParticipantProvenance::test_mixed_contributions_keep_asserted_by PASSED [ 73%]
tests/workbench/test_hybrid_dyad_3d.py::TestCase15Reversibility::test_old_hypothesis_retained_in_lineage PASSED [ 78%]
tests/workbench/test_hybrid_dyad_3d.py::TestNoSyntheticHarmony::test_no_consensus_objective PASSED [ 84%]
tests/workbench/test_hybrid_dyad_3d.py::TestNoDurableWrite::test_dyad_never_authorizes_memory PASSED [ 89%]
tests/workbench/test_hybrid_dyad_3d.py::TestHttpBridgeExposesDyad::test_dispatch_includes_dyad_fields PASSED [ 94%]
tests/workbench/test_hybrid_dyad_3d.py::TestContextSnapshotHydration::test_dyad_rides_existing_context_store_not_a_new_db PASSED [100%]

============================= 19 passed in 3.76s ==============================
